<?xml version="1.0" encoding="UTF-8"?>
<!-- Generated by org.testng.reporters.JUnitReportReporter -->
<testsuite hostname="susa-15" name="com.example.tests.GroupCreationTests2" tests="2" failures="0" timestamp="16 Feb 2016 12:58:48 GMT" time="4.044" errors="0">
  <testcase name="testNonEmptyGroupCreation" time="1.775" classname="com.example.tests.GroupCreationTests2"/>
  <testcase name="testEmptyGroupCreation" time="2.269" classname="com.example.tests.GroupCreationTests2"/>
</testsuite> <!-- com.example.tests.GroupCreationTests2 -->
